<?xml version="1.0" encoding="UTF-8"?>
<testng-results skipped="0" failed="0" total="1" passed="1">
  <reporter-output>
  </reporter-output>
  <suite name="Cnn App running on fireFox Browser" duration-ms="82240" started-at="2016-08-22T23:11:47Z" finished-at="2016-08-22T23:13:09Z">
    <groups>
    </groups>
    <test name="Home Page" duration-ms="82240" started-at="2016-08-22T23:11:47Z" finished-at="2016-08-22T23:13:09Z">
      <class name="testCases.ActionItems">
        <test-method status="PASS" signature="setUp(boolean, java.lang.String, java.lang.String, java.lang.String, java.lang.String, java.lang.String, java.lang.String)[pri:0, instance:testCases.ActionItems@7ca48474]" name="setUp" is-config="true" duration-ms="18894" started-at="2016-08-22T19:11:47Z" finished-at="2016-08-22T19:12:06Z">
          <params>
            <param index="0">
              <value>
                <![CDATA[false]]>
              </value>
            </param>
            <param index="1">
              <value>
                <![CDATA[kamalfouad]]>
              </value>
            </param>
            <param index="2">
              <value>
                <![CDATA[9e393693-07be-4415-a1b3-738bae10e050]]>
              </value>
            </param>
            <param index="3">
              <value>
                <![CDATA[windows 10]]>
              </value>
            </param>
            <param index="4">
              <value>
                <![CDATA[fireFox]]>
              </value>
            </param>
            <param index="5">
              <value>
                <![CDATA[46]]>
              </value>
            </param>
            <param index="6">
              <value>
                <![CDATA[http://www.cnn.com]]>
              </value>
            </param>
          </params>
          <reporter-output>
          </reporter-output>
        </test-method> <!-- setUp -->
        <test-method status="PASS" signature="searchNews()[pri:0, instance:testCases.ActionItems@7ca48474]" name="searchNews" duration-ms="61833" started-at="2016-08-22T19:12:06Z" finished-at="2016-08-22T19:13:08Z">
          <reporter-output>
          </reporter-output>
        </test-method> <!-- searchNews -->
        <test-method status="PASS" signature="cleanUp()[pri:0, instance:testCases.ActionItems@7ca48474]" name="cleanUp" is-config="true" duration-ms="1491" started-at="2016-08-22T19:13:08Z" finished-at="2016-08-22T19:13:09Z">
          <reporter-output>
          </reporter-output>
        </test-method> <!-- cleanUp -->
      </class> <!-- testCases.ActionItems -->
    </test> <!-- Home Page -->
  </suite> <!-- Cnn App running on fireFox Browser -->
</testng-results>
