<?xml version="1.0" encoding="UTF-8"?>
<testng-results skipped="0" failed="0" total="1" passed="1">
  <reporter-output>
  </reporter-output>
  <suite name="Cnn App running on fireFox Browser" duration-ms="28589" started-at="2016-08-19T21:35:35Z" finished-at="2016-08-19T21:36:04Z">
    <groups>
    </groups>
    <test name="Home Page" duration-ms="28589" started-at="2016-08-19T21:35:35Z" finished-at="2016-08-19T21:36:04Z">
      <class name="testCases.Search">
        <test-method status="PASS" signature="setUp(java.lang.String)[pri:0, instance:testCases.Search@668bc3d5]" name="setUp" is-config="true" duration-ms="19952" started-at="2016-08-19T17:35:35Z" finished-at="2016-08-19T17:35:55Z">
          <params>
            <param index="0">
              <value>
                <![CDATA[http://www.cnn.com]]>
              </value>
            </param>
          </params>
          <reporter-output>
          </reporter-output>
        </test-method> <!-- setUp -->
        <test-method status="PASS" signature="search()[pri:0, instance:testCases.Search@668bc3d5]" name="search" duration-ms="4171" started-at="2016-08-19T17:35:55Z" finished-at="2016-08-19T17:35:59Z">
          <reporter-output>
          </reporter-output>
        </test-method> <!-- search -->
        <test-method status="PASS" signature="cleanUp()[pri:0, instance:testCases.Search@668bc3d5]" name="cleanUp" is-config="true" duration-ms="4451" started-at="2016-08-19T17:35:59Z" finished-at="2016-08-19T17:36:04Z">
          <reporter-output>
          </reporter-output>
        </test-method> <!-- cleanUp -->
      </class> <!-- testCases.Search -->
    </test> <!-- Home Page -->
  </suite> <!-- Cnn App running on fireFox Browser -->
</testng-results>
