<?xml version="1.0" encoding="UTF-8"?>
<testng-results skipped="0" failed="0" total="1" passed="1">
  <reporter-output>
  </reporter-output>
  <suite name="Amazon App running on Firefox Browser" duration-ms="61675" started-at="2016-08-22T23:13:11Z" finished-at="2016-08-22T23:14:13Z">
    <groups>
    </groups>
    <test name="Home Page" duration-ms="61675" started-at="2016-08-22T23:13:11Z" finished-at="2016-08-22T23:14:13Z">
      <class name="testCases.Products">
        <test-method status="PASS" signature="setUp(boolean, java.lang.String, java.lang.String, java.lang.String, java.lang.String, java.lang.String, java.lang.String)[pri:0, instance:testCases.Products@61dc03ce]" name="setUp" is-config="true" duration-ms="13070" started-at="2016-08-22T19:13:11Z" finished-at="2016-08-22T19:13:25Z">
          <params>
            <param index="0">
              <value>
                <![CDATA[false]]>
              </value>
            </param>
            <param index="1">
              <value>
                <![CDATA[kamalfouad]]>
              </value>
            </param>
            <param index="2">
              <value>
                <![CDATA[9e393693-07be-4415-a1b3-738bae10e050]]>
              </value>
            </param>
            <param index="3">
              <value>
                <![CDATA[windows 10]]>
              </value>
            </param>
            <param index="4">
              <value>
                <![CDATA[fireFox]]>
              </value>
            </param>
            <param index="5">
              <value>
                <![CDATA[46]]>
              </value>
            </param>
            <param index="6">
              <value>
                <![CDATA[http://www.amazon.com]]>
              </value>
            </param>
          </params>
          <reporter-output>
          </reporter-output>
        </test-method> <!-- setUp -->
        <test-method status="PASS" signature="searchItems()[pri:0, instance:testCases.Products@61dc03ce]" name="searchItems" duration-ms="46500" started-at="2016-08-22T19:13:25Z" finished-at="2016-08-22T19:14:11Z">
          <reporter-output>
          </reporter-output>
        </test-method> <!-- searchItems -->
        <test-method status="PASS" signature="cleanUp()[pri:0, instance:testCases.Products@61dc03ce]" name="cleanUp" is-config="true" duration-ms="2082" started-at="2016-08-22T19:14:11Z" finished-at="2016-08-22T19:14:13Z">
          <reporter-output>
          </reporter-output>
        </test-method> <!-- cleanUp -->
      </class> <!-- testCases.Products -->
    </test> <!-- Home Page -->
  </suite> <!-- Amazon App running on Firefox Browser -->
</testng-results>
