<?xml version="1.0" encoding="UTF-8"?>
<testng-results skipped="0" failed="0" total="1" passed="1">
  <reporter-output>
  </reporter-output>
  <suite name="Cnn App running on fireFox Browser" duration-ms="48396" started-at="2016-08-21T02:40:46Z" finished-at="2016-08-21T02:41:34Z">
    <groups>
    </groups>
    <test name="Home Page" duration-ms="48396" started-at="2016-08-21T02:40:46Z" finished-at="2016-08-21T02:41:34Z">
      <class name="testCases.SearchNewsFromDB">
        <test-method status="PASS" signature="setUp(boolean, java.lang.String, java.lang.String, java.lang.String, java.lang.String, java.lang.String, java.lang.String)[pri:0, instance:testCases.SearchNewsFromDB@61832929]" name="setUp" is-config="true" duration-ms="13908" started-at="2016-08-20T22:40:46Z" finished-at="2016-08-20T22:41:00Z">
          <params>
            <param index="0">
              <value>
                <![CDATA[false]]>
              </value>
            </param>
            <param index="1">
              <value>
                <![CDATA[kamalfouad]]>
              </value>
            </param>
            <param index="2">
              <value>
                <![CDATA[9e393693-07be-4415-a1b3-738bae10e050]]>
              </value>
            </param>
            <param index="3">
              <value>
                <![CDATA[windows 10]]>
              </value>
            </param>
            <param index="4">
              <value>
                <![CDATA[chrome]]>
              </value>
            </param>
            <param index="5">
              <value>
                <![CDATA[46]]>
              </value>
            </param>
            <param index="6">
              <value>
                <![CDATA[http://www.cnn.com]]>
              </value>
            </param>
          </params>
          <reporter-output>
          </reporter-output>
        </test-method> <!-- setUp -->
        <test-method status="PASS" signature="searchNews()[pri:0, instance:testCases.SearchNewsFromDB@61832929]" name="searchNews" duration-ms="33472" started-at="2016-08-20T22:41:00Z" finished-at="2016-08-20T22:41:33Z">
          <reporter-output>
          </reporter-output>
        </test-method> <!-- searchNews -->
        <test-method status="PASS" signature="cleanUp()[pri:0, instance:testCases.SearchNewsFromDB@61832929]" name="cleanUp" is-config="true" duration-ms="982" started-at="2016-08-20T22:41:33Z" finished-at="2016-08-20T22:41:34Z">
          <reporter-output>
          </reporter-output>
        </test-method> <!-- cleanUp -->
      </class> <!-- testCases.SearchNewsFromDB -->
    </test> <!-- Home Page -->
  </suite> <!-- Cnn App running on fireFox Browser -->
</testng-results>
